03/28/25-08:37:45:611 (7928) 2 [Generic.Event] Failed to allocate 5038MB shared memory using large pages.  Switching to small pages.
03/28/25-08:37:47:573 (13420) 2 [Utility.Event] LMF Error: No valid license key. No valid local file found and LicenseID not defined.
03/28/25-10:00:00:898 (25496) 2 [Generic.Event] License limit exceeded 1 times since instance start.
03/28/25-10:15:00:426 (13084) 2 [Generic.Event] License limit exceeded 30 times since Fri Mar 28 10:00:00 2025.
03/28/25-10:30:00:865 (19956) 2 [Generic.Event] License limit exceeded 30 times since Fri Mar 28 10:15:00 2025.
03/28/25-10:45:00:342 (18692) 2 [Generic.Event] License limit exceeded 30 times since Fri Mar 28 10:30:00 2025.
03/28/25-11:00:00:861 (27500) 2 [Generic.Event] License limit exceeded 30 times since Fri Mar 28 10:45:00 2025.
03/28/25-11:15:00:412 (6136) 2 [Generic.Event] License limit exceeded 30 times since Fri Mar 28 11:00:00 2025.
03/28/25-11:30:00:954 (14192) 2 [Generic.Event] License limit exceeded 30 times since Fri Mar 28 11:15:00 2025.
03/28/25-12:44:12:040 (8856) 2 [Generic.Event] License limit exceeded 14 times since Fri Mar 28 11:30:00 2025.
03/30/25-17:11:39:816 (29748) 2 [Generic.Event] License limit exceeded 2 times since Fri Mar 28 12:44:12 2025.
03/30/25-17:27:00:976 (30148) 2 [Generic.Event] License limit exceeded 32 times since Sun Mar 30 17:11:39 2025.
03/30/25-17:42:00:505 (24400) 2 [Generic.Event] License limit exceeded 30 times since Sun Mar 30 17:27:00 2025.
03/30/25-17:57:00:960 (21700) 2 [Generic.Event] License limit exceeded 30 times since Sun Mar 30 17:42:00 2025.
03/30/25-18:12:00:465 (11824) 2 [Generic.Event] License limit exceeded 30 times since Sun Mar 30 17:57:00 2025.
03/30/25-18:27:00:885 (9152) 2 [Generic.Event] License limit exceeded 30 times since Sun Mar 30 18:12:00 2025.
03/30/25-18:42:00:329 (24944) 2 [Generic.Event] License limit exceeded 30 times since Sun Mar 30 18:27:00 2025.
03/30/25-18:57:00:806 (10480) 2 [Generic.Event] License limit exceeded 30 times since Sun Mar 30 18:42:00 2025.
03/30/25-19:12:00:253 (4660) 2 [Generic.Event] License limit exceeded 30 times since Sun Mar 30 18:57:00 2025.
03/30/25-19:27:00:694 (11720) 2 [Generic.Event] License limit exceeded 30 times since Sun Mar 30 19:12:00 2025.
03/30/25-19:42:00:119 (27548) 2 [Generic.Event] License limit exceeded 30 times since Sun Mar 30 19:27:00 2025.
03/30/25-19:57:00:554 (29096) 2 [Generic.Event] License limit exceeded 30 times since Sun Mar 30 19:42:00 2025.
03/30/25-20:12:00:989 (25188) 2 [Generic.Event] License limit exceeded 30 times since Sun Mar 30 19:57:00 2025.
03/30/25-20:27:00:454 (29672) 2 [Generic.Event] License limit exceeded 30 times since Sun Mar 30 20:12:00 2025.
03/30/25-20:42:00:894 (26060) 2 [Generic.Event] License limit exceeded 30 times since Sun Mar 30 20:27:00 2025.
03/30/25-20:57:00:309 (18184) 2 [Generic.Event] License limit exceeded 30 times since Sun Mar 30 20:42:00 2025.
03/30/25-21:12:00:719 (20020) 2 [Generic.Event] License limit exceeded 30 times since Sun Mar 30 20:57:00 2025.
03/30/25-21:27:00:150 (476) 2 [Generic.Event] License limit exceeded 30 times since Sun Mar 30 21:12:00 2025.
03/30/25-21:42:00:581 (17684) 2 [Generic.Event] License limit exceeded 30 times since Sun Mar 30 21:27:00 2025.
03/30/25-21:57:01:012 (5792) 2 [Generic.Event] License limit exceeded 30 times since Sun Mar 30 21:42:00 2025.
03/30/25-22:13:00:504 (2908) 2 [Generic.Event] License limit exceeded 32 times since Sun Mar 30 21:57:01 2025.
03/30/25-22:28:00:997 (7268) 2 [Generic.Event] License limit exceeded 30 times since Sun Mar 30 22:13:00 2025.
03/30/25-22:43:00:450 (28920) 2 [Generic.Event] License limit exceeded 30 times since Sun Mar 30 22:28:00 2025.
03/30/25-22:58:01:021 (10140) 2 [Generic.Event] License limit exceeded 30 times since Sun Mar 30 22:43:00 2025.
03/30/25-23:14:00:591 (30136) 2 [Generic.Event] License limit exceeded 32 times since Sun Mar 30 22:58:01 2025.
03/30/25-23:29:00:092 (11608) 2 [Generic.Event] License limit exceeded 30 times since Sun Mar 30 23:14:00 2025.
03/30/25-23:44:00:642 (10184) 2 [Generic.Event] License limit exceeded 30 times since Sun Mar 30 23:29:00 2025.
03/30/25-23:59:00:181 (2768) 2 [Generic.Event] License limit exceeded 30 times since Sun Mar 30 23:44:00 2025.
03/31/25-00:14:00:767 (21128) 2 [Generic.Event] License limit exceeded 30 times since Sun Mar 30 23:59:00 2025.
03/31/25-00:29:00:274 (16172) 2 [Generic.Event] License limit exceeded 30 times since Mon Mar 31 00:14:00 2025.
03/31/25-00:44:00:764 (22724) 2 [Generic.Event] License limit exceeded 30 times since Mon Mar 31 00:29:00 2025.
03/31/25-00:59:00:293 (15020) 2 [Generic.Event] License limit exceeded 30 times since Mon Mar 31 00:44:00 2025.
03/31/25-01:14:00:879 (14212) 2 [Generic.Event] License limit exceeded 30 times since Mon Mar 31 00:59:00 2025.
03/31/25-01:29:00:387 (6720) 2 [Generic.Event] License limit exceeded 30 times since Mon Mar 31 01:14:00 2025.
03/31/25-01:44:00:957 (30092) 2 [Generic.Event] License limit exceeded 30 times since Mon Mar 31 01:29:00 2025.
03/31/25-01:59:00:506 (1636) 2 [Generic.Event] License limit exceeded 30 times since Mon Mar 31 01:44:00 2025.
03/31/25-02:14:00:060 (14584) 2 [Generic.Event] License limit exceeded 30 times since Mon Mar 31 01:59:00 2025.
03/31/25-02:29:00:573 (5424) 2 [Generic.Event] License limit exceeded 30 times since Mon Mar 31 02:14:00 2025.
03/31/25-02:44:00:972 (27912) 2 [Generic.Event] License limit exceeded 30 times since Mon Mar 31 02:29:00 2025.
03/31/25-02:59:00:511 (14584) 2 [Generic.Event] License limit exceeded 30 times since Mon Mar 31 02:44:00 2025.
03/31/25-03:14:01:040 (27476) 2 [Generic.Event] License limit exceeded 30 times since Mon Mar 31 02:59:00 2025.
03/31/25-03:30:00:614 (17232) 2 [Generic.Event] License limit exceeded 32 times since Mon Mar 31 03:14:01 2025.
03/31/25-03:45:00:124 (23100) 2 [Generic.Event] License limit exceeded 30 times since Mon Mar 31 03:30:00 2025.
03/31/25-04:00:00:682 (4848) 2 [Generic.Event] License limit exceeded 30 times since Mon Mar 31 03:45:00 2025.
03/31/25-04:15:00:188 (25048) 2 [Generic.Event] License limit exceeded 30 times since Mon Mar 31 04:00:00 2025.
03/31/25-04:30:00:700 (8760) 2 [Generic.Event] License limit exceeded 30 times since Mon Mar 31 04:15:00 2025.
03/31/25-04:45:00:269 (14460) 2 [Generic.Event] License limit exceeded 30 times since Mon Mar 31 04:30:00 2025.
03/31/25-05:00:00:786 (8728) 2 [Generic.Event] License limit exceeded 30 times since Mon Mar 31 04:45:00 2025.
03/31/25-05:15:00:322 (11564) 2 [Generic.Event] License limit exceeded 30 times since Mon Mar 31 05:00:00 2025.
03/31/25-05:30:00:858 (2796) 2 [Generic.Event] License limit exceeded 30 times since Mon Mar 31 05:15:00 2025.
03/31/25-05:45:00:398 (27256) 2 [Generic.Event] License limit exceeded 30 times since Mon Mar 31 05:30:00 2025.
03/31/25-06:00:00:919 (6672) 2 [Generic.Event] License limit exceeded 30 times since Mon Mar 31 05:45:00 2025.
03/31/25-06:15:00:400 (27264) 2 [Generic.Event] License limit exceeded 30 times since Mon Mar 31 06:00:00 2025.
03/31/25-06:30:01:068 (16900) 2 [Generic.Event] License limit exceeded 30 times since Mon Mar 31 06:15:00 2025.
03/31/25-06:46:00:752 (2956) 2 [Generic.Event] License limit exceeded 32 times since Mon Mar 31 06:30:01 2025.
03/31/25-07:01:00:419 (29364) 2 [Generic.Event] License limit exceeded 30 times since Mon Mar 31 06:46:00 2025.
03/31/25-07:16:00:844 (18252) 2 [Generic.Event] License limit exceeded 30 times since Mon Mar 31 07:01:00 2025.
03/31/25-07:31:00:510 (2732) 2 [Generic.Event] License limit exceeded 30 times since Mon Mar 31 07:16:00 2025.
03/31/25-07:46:00:151 (28104) 2 [Generic.Event] License limit exceeded 30 times since Mon Mar 31 07:31:00 2025.
03/31/25-08:01:00:808 (20024) 2 [Generic.Event] License limit exceeded 30 times since Mon Mar 31 07:46:00 2025.
03/31/25-08:16:00:478 (31684) 2 [Generic.Event] License limit exceeded 30 times since Mon Mar 31 08:01:00 2025.
03/31/25-08:31:00:197 (5728) 2 [Generic.Event] License limit exceeded 30 times since Mon Mar 31 08:16:00 2025.
03/31/25-08:46:00:876 (24208) 2 [Generic.Event] License limit exceeded 30 times since Mon Mar 31 08:31:00 2025.
03/31/25-09:01:00:538 (27096) 2 [Generic.Event] License limit exceeded 30 times since Mon Mar 31 08:46:00 2025.
03/31/25-09:16:00:197 (11436) 2 [Generic.Event] License limit exceeded 30 times since Mon Mar 31 09:01:00 2025.
04/01/25-09:04:12:389 (724) 2 [Generic.Event] License limit exceeded 2 times since Mon Mar 31 09:16:00 2025.
