{
"FT.Cloud.Info":"not available",
"FT.Hostname":"TECH",
"FT.IRISInsidePython":0,
"FT.InsideCgroup":0,
"FT.InstanceGUID":"2A1091BE-BEF6-4B06-AA82-2F700DA9D6B8",
"FT.InstanceName":"IRISHEALTH",
"FT.LicensedCores":4,
"FT.LocalTimestamp":"67294,61961",
"FT.MirrorMemberType":"Not Member",
"FT.OSType":"Windows",
"FT.OrderID":0,
"FT.PythonInsideIRIS":0,
"FT.PythonRuntimeLibrary":"Default",
"FT.ReportRoleCount":0,
"FT.ReportServerCount":0,
"FT.ReportUserCount":0,
"FT.TotalPhysicalCores":4,
"FT.UTCBeginTime":"67290,24963.946155",
"FT.UTCTimestamp":"67294,42161.0870516",
"FT.ZVERSION":"IRIS for Windows (x86-64) 2024.1.3 (Build 456U) Thu Jan 9 2025 12:47:03 EST",
"FT.platform":"winamd64"
}
